test.os.lower() = linux  test.database_os.lower() = linux
self.results['frameworks'] != None: True
test.name: undertow-mongodb
self.results['completed']: {u'plain-linux-servlet': '__run_test timeout (=3600 seconds)'}

=====================================================
  Beginning undertow-mongodb
-----------------------------------------------------

-----------------------------------------------------
  Starting undertow-mongodb
-----------------------------------------------------
Welcome to Ubuntu 12.04.3 LTS (GNU/Linux 3.2.0-23-generic x86_64)

 * Documentation:  https://help.ubuntu.com/

  System information as of Tue Jan  7 11:27:16 PST 2014

  System load:  6.37               Processes:           125
  Usage of /:   7.9% of 131.33GB   Users logged in:     0
  Memory usage: 24%                IP address for eth0: 172.16.98.118
  Swap usage:   4%

  Graph this data and manage this system at https://landscape.canonical.com/

154 packages can be updated.
78 updates are security updates.

mongodb start/running, process 6491
 * Restarting PostgreSQL 9.1 database server
   ...done.
[INFO] Scanning for projects...
[INFO]                                                                         
[INFO] ------------------------------------------------------------------------
[INFO] Building undertow-example 0.1
[INFO] ------------------------------------------------------------------------
[INFO] 
[INFO] --- maven-clean-plugin:2.3:clean (default-clean) @ undertow-example ---
[INFO] Deleting file set: /home/tfb/FrameworkBenchmarks/undertow/target (included: [**], excluded: [])
[INFO] 
[INFO] --- maven-resources-plugin:2.3:resources (default-resources) @ undertow-example ---
[WARNING] Using platform encoding (UTF-8 actually) to copy filtered resources, i.e. build is platform dependent!
[INFO] Copying 2 resources
[INFO] 
[INFO] --- maven-compiler-plugin:2.3.2:compile (default-compile) @ undertow-example ---
[WARNING] File encoding has not been set, using platform encoding UTF-8, i.e. build is platform dependent!
[INFO] Compiling 13 source files to /home/tfb/FrameworkBenchmarks/undertow/target/classes
[INFO] -------------------------------------------------------------
[ERROR] COMPILATION ERROR : 
[INFO] -------------------------------------------------------------
[ERROR] /home/tfb/FrameworkBenchmarks/undertow/src/main/java/hello/DbSqlHandler.java:[56,72] error: cannot find symbol
[INFO] 1 error
[INFO] -------------------------------------------------------------
[INFO] ------------------------------------------------------------------------
[INFO] BUILD FAILURE
[INFO] ------------------------------------------------------------------------
[INFO] Total time: 1.236s
[INFO] Finished at: Tue Jan 07 11:27:32 PST 2014
[INFO] Final Memory: 14M/150M
[INFO] ------------------------------------------------------------------------
[ERROR] Failed to execute goal org.apache.maven.plugins:maven-compiler-plugin:2.3.2:compile (default-compile) on project undertow-example: Compilation failure
[ERROR] /home/tfb/FrameworkBenchmarks/undertow/src/main/java/hello/DbSqlHandler.java:[56,72] error: cannot find symbol
[ERROR] -> [Help 1]
[ERROR] 
[ERROR] To see the full stack trace of the errors, re-run Maven with the -e switch.
[ERROR] Re-run Maven using the -X switch to enable full debug logging.
[ERROR] 
[ERROR] For more information about the errors and possible solutions, please read the following articles:
[ERROR] [Help 1] http://cwiki.apache.org/confluence/display/MAVEN/MojoFailureException
